[debug] [2022-01-16T04:09:44.778Z] ----------------------------------------------------------------------
[debug] [2022-01-16T04:09:44.780Z] Command:       /usr/local/Cellar/node/13.8.0/bin/node /usr/local/bin/firebase deploy
[debug] [2022-01-16T04:09:44.780Z] CLI Version:   9.20.0
[debug] [2022-01-16T04:09:44.780Z] Platform:      darwin
[debug] [2022-01-16T04:09:44.780Z] Node Version:  v13.8.0
[debug] [2022-01-16T04:09:44.783Z] Time:          Sat Jan 15 2022 20:09:44 GMT-0800 (Pacific Standard Time)
[debug] [2022-01-16T04:09:44.783Z] ----------------------------------------------------------------------
[debug] 
[debug] [2022-01-16T04:09:44.833Z] > command requires scopes: ["email","openid","https://www.googleapis.com/auth/cloudplatformprojects.readonly","https://www.googleapis.com/auth/firebase","https://www.googleapis.com/auth/cloud-platform"]
[debug] [2022-01-16T04:09:44.833Z] > authorizing via signed-in user (tironamichael@gmail.com)
[debug] [2022-01-16T04:09:44.833Z] [iam] checking project portfolio-b3ad1 for permissions ["firebase.projects.get","firebasehosting.sites.update"]
[debug] [2022-01-16T04:09:44.835Z] > refreshing access token with scopes: ["email","https://www.googleapis.com/auth/cloud-platform","https://www.googleapis.com/auth/cloudplatformprojects.readonly","https://www.googleapis.com/auth/firebase","openid"]
[debug] [2022-01-16T04:09:44.835Z] >>> HTTP REQUEST POST https://www.googleapis.com/oauth2/v3/token  
 <request body omitted>
[debug] [2022-01-16T04:09:45.153Z] <<< HTTP RESPONSE 200 {"expires":"Mon, 01 Jan 1990 00:00:00 GMT","cache-control":"no-cache, no-store, max-age=0, must-revalidate","date":"Sun, 16 Jan 2022 04:09:45 GMT","pragma":"no-cache","content-type":"application/json; charset=utf-8","vary":"X-Origin, Referer, Origin,Accept-Encoding","server":"scaffolding on HTTPServer2","x-xss-protection":"0","x-frame-options":"SAMEORIGIN","x-content-type-options":"nosniff","alt-svc":"h3=\":443\"; ma=2592000,h3-29=\":443\"; ma=2592000,h3-Q050=\":443\"; ma=2592000,h3-Q046=\":443\"; ma=2592000,h3-Q043=\":443\"; ma=2592000,quic=\":443\"; ma=2592000; v=\"46,43\"","accept-ranges":"none","transfer-encoding":"chunked"}
[debug] [2022-01-16T04:09:45.216Z] >>> HTTP REQUEST POST https://cloudresourcemanager.googleapis.com/v1/projects/portfolio-b3ad1:testIamPermissions  
 {"permissions":["firebase.projects.get","firebasehosting.sites.update"]}
[debug] [2022-01-16T04:09:45.528Z] <<< HTTP RESPONSE 200 {"content-type":"application/json; charset=UTF-8","vary":"X-Origin, Referer, Origin,Accept-Encoding","date":"Sun, 16 Jan 2022 04:09:45 GMT","server":"ESF","cache-control":"private","x-xss-protection":"0","x-frame-options":"SAMEORIGIN","x-content-type-options":"nosniff","server-timing":"gfet4t7; dur=193","alt-svc":"h3=\":443\"; ma=2592000,h3-29=\":443\"; ma=2592000,h3-Q050=\":443\"; ma=2592000,h3-Q046=\":443\"; ma=2592000,h3-Q043=\":443\"; ma=2592000,quic=\":443\"; ma=2592000; v=\"46,43\"","accept-ranges":"none","transfer-encoding":"chunked"}
[debug] [2022-01-16T04:09:45.533Z] > refreshing access token with scopes: []
[debug] [2022-01-16T04:09:45.533Z] >>> HTTP REQUEST POST https://www.googleapis.com/oauth2/v3/token  
 <request body omitted>
[debug] [2022-01-16T04:09:45.824Z] <<< HTTP RESPONSE 200 {"cache-control":"no-cache, no-store, max-age=0, must-revalidate","pragma":"no-cache","expires":"Mon, 01 Jan 1990 00:00:00 GMT","date":"Sun, 16 Jan 2022 04:09:45 GMT","content-type":"application/json; charset=utf-8","vary":"X-Origin, Referer, Origin,Accept-Encoding","server":"scaffolding on HTTPServer2","x-xss-protection":"0","x-frame-options":"SAMEORIGIN","x-content-type-options":"nosniff","alt-svc":"h3=\":443\"; ma=2592000,h3-29=\":443\"; ma=2592000,h3-Q050=\":443\"; ma=2592000,h3-Q046=\":443\"; ma=2592000,h3-Q043=\":443\"; ma=2592000,quic=\":443\"; ma=2592000; v=\"46,43\"","accept-ranges":"none","transfer-encoding":"chunked"}
[debug] [2022-01-16T04:09:45.878Z] >>> [apiv2][query] GET https://firebase.googleapis.com/v1beta1/projects/portfolio-b3ad1 [none]
[debug] [2022-01-16T04:09:46.284Z] <<< [apiv2][status] GET https://firebase.googleapis.com/v1beta1/projects/portfolio-b3ad1 200
[debug] [2022-01-16T04:09:46.284Z] <<< [apiv2][body] GET https://firebase.googleapis.com/v1beta1/projects/portfolio-b3ad1 {"projectId":"portfolio-b3ad1","projectNumber":"980735599981","displayName":"Portfolio","name":"projects/portfolio-b3ad1","resources":{"hostingSite":"portfolio-b3ad1","realtimeDatabaseInstance":"portfolio-b3ad1"},"state":"ACTIVE"}
[info] 
[info] === Deploying to 'portfolio-b3ad1'...
[info] 
[info] i  deploying hosting 
[debug] [2022-01-16T04:09:46.287Z] > refreshing access token with scopes: ["email","https://www.googleapis.com/auth/cloud-platform","https://www.googleapis.com/auth/cloudplatformprojects.readonly","https://www.googleapis.com/auth/firebase","openid"]
[debug] [2022-01-16T04:09:46.287Z] >>> HTTP REQUEST POST https://www.googleapis.com/oauth2/v3/token  
 <request body omitted>
[debug] [2022-01-16T04:09:46.418Z] <<< HTTP RESPONSE 200 {"date":"Sun, 16 Jan 2022 04:09:46 GMT","pragma":"no-cache","cache-control":"no-cache, no-store, max-age=0, must-revalidate","expires":"Mon, 01 Jan 1990 00:00:00 GMT","content-type":"application/json; charset=utf-8","vary":"X-Origin, Referer, Origin,Accept-Encoding","server":"scaffolding on HTTPServer2","x-xss-protection":"0","x-frame-options":"SAMEORIGIN","x-content-type-options":"nosniff","alt-svc":"h3=\":443\"; ma=2592000,h3-29=\":443\"; ma=2592000,h3-Q050=\":443\"; ma=2592000,h3-Q046=\":443\"; ma=2592000,h3-Q043=\":443\"; ma=2592000,quic=\":443\"; ma=2592000; v=\"46,43\"","accept-ranges":"none","transfer-encoding":"chunked"}
[debug] [2022-01-16T04:09:46.461Z] >>> HTTP REQUEST POST https://firebasehosting.googleapis.com/v1beta1/sites/portfolio-b3ad1/versions  
 {"config":{"rewrites":[{"glob":"**","path":"/index.html"}]},"labels":{"deployment-tool":"cli-firebase"}}
[debug] [2022-01-16T04:09:47.287Z] <<< HTTP RESPONSE 200 {"content-type":"application/json; charset=UTF-8","vary":"X-Origin, Referer, Origin,Accept-Encoding","date":"Sun, 16 Jan 2022 04:09:47 GMT","server":"ESF","cache-control":"private","x-xss-protection":"0","x-frame-options":"SAMEORIGIN","x-content-type-options":"nosniff","alt-svc":"h3=\":443\"; ma=2592000,h3-29=\":443\"; ma=2592000,h3-Q050=\":443\"; ma=2592000,h3-Q046=\":443\"; ma=2592000,h3-Q043=\":443\"; ma=2592000,quic=\":443\"; ma=2592000; v=\"46,43\"","accept-ranges":"none","transfer-encoding":"chunked"}
[info] i  hosting[portfolio-b3ad1]: beginning deploy... 
[info] i  hosting[portfolio-b3ad1]: found 17 files in build 
[debug] [2022-01-16T04:09:47.415Z] > refreshing access token with scopes: []
[debug] [2022-01-16T04:09:47.415Z] >>> HTTP REQUEST POST https://www.googleapis.com/oauth2/v3/token  
 <request body omitted>
[debug] [2022-01-16T04:09:47.416Z] [hosting] hash cache [YnVpbGQ] stored for 17 files
[debug] [2022-01-16T04:09:47.416Z] [hosting][hash queue][FINAL] {"max":101,"min":9,"avg":17.470588235294116,"active":0,"complete":17,"success":17,"errored":0,"retried":0,"total":17,"elapsed":107}
[debug] [2022-01-16T04:09:47.543Z] <<< HTTP RESPONSE 200 {"expires":"Mon, 01 Jan 1990 00:00:00 GMT","cache-control":"no-cache, no-store, max-age=0, must-revalidate","date":"Sun, 16 Jan 2022 04:09:47 GMT","pragma":"no-cache","content-type":"application/json; charset=utf-8","vary":"X-Origin, Referer, Origin,Accept-Encoding","server":"scaffolding on HTTPServer2","x-xss-protection":"0","x-frame-options":"SAMEORIGIN","x-content-type-options":"nosniff","alt-svc":"h3=\":443\"; ma=2592000,h3-29=\":443\"; ma=2592000,h3-Q050=\":443\"; ma=2592000,h3-Q046=\":443\"; ma=2592000,h3-Q043=\":443\"; ma=2592000,quic=\":443\"; ma=2592000; v=\"46,43\"","accept-ranges":"none","transfer-encoding":"chunked"}
[debug] [2022-01-16T04:09:47.585Z] >>> [apiv2][query] POST https://firebasehosting.googleapis.com/v1beta1/sites/portfolio-b3ad1/versions/f90d6cd6b5f3b0fe:populateFiles [none]
[debug] [2022-01-16T04:09:47.585Z] >>> [apiv2][body] POST https://firebasehosting.googleapis.com/v1beta1/sites/portfolio-b3ad1/versions/f90d6cd6b5f3b0fe:populateFiles {"files":{"/manifest.json":"bfac15f7e497954f686762d43d7615d2f03dbc31dcac07940e341ad6a95adf9f","/asset-manifest.json":"d0f073e15fd5609d2a1b2bf38fe42a6916d88adff3b781c30bf4646fbeb9cf92","/index.html":"1817418327a686b84a48811b9a06fce4d033b9cdbbfa9e04bc9bebccedbca239","/static/css/main.63591666.chunk.css":"26946c510056f269d4587d5adafcdec9f5e4999fc131e0050272b31fd712a177","/static/css/main.63591666.chunk.css.map":"5cb07cf1e8a2eda08d2f434c9e82de9d06a0ac1e71355a3c4b02bd851a6736a5","/precache-manifest.15045d89c9f596ee37c8381632f4bb8c.js":"f00b2cf88ca83c669b1c20813ebd062fd97335e78d91d71e343fb97f238b28f1","/service-worker.js":"5e8196eb4035a8fd4844fcd20df0e5538bdfe0cff1e62d981dacef784d92401a","/static/js/2.1ee5656b.chunk.js.LICENSE.txt":"b3d2a46d8f0eff539438b1e12a59e0991c50f4c6d97e9c76bc88054d61b27810","/static/js/runtime-main.4e7c19c6.js":"1e55d04a221d88c7afd370853b07de93edbafec5f4b4d04c3b8975b8ad33183a","/static/js/main.ceabeb76.chunk.js":"517002320df28987040d0e8cc79f515ef0ebeb1ea29d992e27a6421b365e9050","/static/js/main.ceabeb76.chunk.js.map":"398fd762bac92469fa26c06e9f09eb78ec464c7a4fff8447e67bdfd91fe20783","/static/js/runtime-main.4e7c19c6.js.map":"f0587fe3279781395f00a64400a589e90e8122babb300ab8faa9be0f20b23dfc","/static/css/2.f01c5455.chunk.css":"181520ad1e292a690575ca2aced5db15b2a5707d6cdd18cf419dc0d22aa5b025","/static/css/2.f01c5455.chunk.css.map":"a25bab457316b05e48e702f6103077552d44cbb6d4159d7aecafa31d42ff583d","/static/js/2.1ee5656b.chunk.js":"64aa913e43319a6b7359effb71a712cb8dcd0460bba831fee91d85996ef4b668","/static/media/profile.a567ef9b.jpg":"67ba27c09676c42dfb293993030b68e4f2c7ec118a4b96f96d870635df50e3c6","/static/js/2.1ee5656b.chunk.js.map":"2e1f01b989214c10d78e785d2e4be7fe1cdef4ff4763c3629b0e69dc49a0ee4b"}}
[debug] [2022-01-16T04:09:48.253Z] <<< [apiv2][status] POST https://firebasehosting.googleapis.com/v1beta1/sites/portfolio-b3ad1/versions/f90d6cd6b5f3b0fe:populateFiles 200
[debug] [2022-01-16T04:09:48.254Z] <<< [apiv2][body] POST https://firebasehosting.googleapis.com/v1beta1/sites/portfolio-b3ad1/versions/f90d6cd6b5f3b0fe:populateFiles {"uploadRequiredHashes":["5e8196eb4035a8fd4844fcd20df0e5538bdfe0cff1e62d981dacef784d92401a","d0f073e15fd5609d2a1b2bf38fe42a6916d88adff3b781c30bf4646fbeb9cf92","1817418327a686b84a48811b9a06fce4d033b9cdbbfa9e04bc9bebccedbca239","f00b2cf88ca83c669b1c20813ebd062fd97335e78d91d71e343fb97f238b28f1"],"uploadUrl":"https://upload-firebasehosting.googleapis.com/upload/sites/portfolio-b3ad1/versions/f90d6cd6b5f3b0fe/files"}
[debug] [2022-01-16T04:09:48.256Z] >>> [apiv2][query] POST https://upload-firebasehosting.googleapis.com/upload/sites/portfolio-b3ad1/versions/f90d6cd6b5f3b0fe/files/5e8196eb4035a8fd4844fcd20df0e5538bdfe0cff1e62d981dacef784d92401a [none]
[debug] [2022-01-16T04:09:48.256Z] >>> [apiv2][body] POST https://upload-firebasehosting.googleapis.com/upload/sites/portfolio-b3ad1/versions/f90d6cd6b5f3b0fe/files/5e8196eb4035a8fd4844fcd20df0e5538bdfe0cff1e62d981dacef784d92401a [stream]
[debug] [2022-01-16T04:09:48.257Z] >>> [apiv2][query] POST https://upload-firebasehosting.googleapis.com/upload/sites/portfolio-b3ad1/versions/f90d6cd6b5f3b0fe/files/d0f073e15fd5609d2a1b2bf38fe42a6916d88adff3b781c30bf4646fbeb9cf92 [none]
[debug] [2022-01-16T04:09:48.258Z] >>> [apiv2][body] POST https://upload-firebasehosting.googleapis.com/upload/sites/portfolio-b3ad1/versions/f90d6cd6b5f3b0fe/files/d0f073e15fd5609d2a1b2bf38fe42a6916d88adff3b781c30bf4646fbeb9cf92 [stream]
[debug] [2022-01-16T04:09:48.259Z] >>> [apiv2][query] POST https://upload-firebasehosting.googleapis.com/upload/sites/portfolio-b3ad1/versions/f90d6cd6b5f3b0fe/files/1817418327a686b84a48811b9a06fce4d033b9cdbbfa9e04bc9bebccedbca239 [none]
[debug] [2022-01-16T04:09:48.259Z] >>> [apiv2][body] POST https://upload-firebasehosting.googleapis.com/upload/sites/portfolio-b3ad1/versions/f90d6cd6b5f3b0fe/files/1817418327a686b84a48811b9a06fce4d033b9cdbbfa9e04bc9bebccedbca239 [stream]
[debug] [2022-01-16T04:09:48.260Z] >>> [apiv2][query] POST https://upload-firebasehosting.googleapis.com/upload/sites/portfolio-b3ad1/versions/f90d6cd6b5f3b0fe/files/f00b2cf88ca83c669b1c20813ebd062fd97335e78d91d71e343fb97f238b28f1 [none]
[debug] [2022-01-16T04:09:48.260Z] >>> [apiv2][body] POST https://upload-firebasehosting.googleapis.com/upload/sites/portfolio-b3ad1/versions/f90d6cd6b5f3b0fe/files/f00b2cf88ca83c669b1c20813ebd062fd97335e78d91d71e343fb97f238b28f1 [stream]
[debug] [2022-01-16T04:09:48.262Z] [hosting][populate queue][FINAL] {"max":841,"min":841,"avg":841,"active":0,"complete":1,"success":1,"errored":0,"retried":0,"total":1,"elapsed":848}
[debug] [2022-01-16T04:09:48.263Z] [hosting] uploads queued: 4
[debug] [2022-01-16T04:09:49.312Z] <<< [apiv2][status] POST https://upload-firebasehosting.googleapis.com/upload/sites/portfolio-b3ad1/versions/f90d6cd6b5f3b0fe/files/1817418327a686b84a48811b9a06fce4d033b9cdbbfa9e04bc9bebccedbca239 200
[debug] [2022-01-16T04:09:49.313Z] <<< [apiv2][body] POST https://upload-firebasehosting.googleapis.com/upload/sites/portfolio-b3ad1/versions/f90d6cd6b5f3b0fe/files/1817418327a686b84a48811b9a06fce4d033b9cdbbfa9e04bc9bebccedbca239 [stream]
[debug] [2022-01-16T04:09:49.352Z] <<< [apiv2][status] POST https://upload-firebasehosting.googleapis.com/upload/sites/portfolio-b3ad1/versions/f90d6cd6b5f3b0fe/files/5e8196eb4035a8fd4844fcd20df0e5538bdfe0cff1e62d981dacef784d92401a 200
[debug] [2022-01-16T04:09:49.352Z] <<< [apiv2][body] POST https://upload-firebasehosting.googleapis.com/upload/sites/portfolio-b3ad1/versions/f90d6cd6b5f3b0fe/files/5e8196eb4035a8fd4844fcd20df0e5538bdfe0cff1e62d981dacef784d92401a [stream]
[debug] [2022-01-16T04:09:49.441Z] <<< [apiv2][status] POST https://upload-firebasehosting.googleapis.com/upload/sites/portfolio-b3ad1/versions/f90d6cd6b5f3b0fe/files/f00b2cf88ca83c669b1c20813ebd062fd97335e78d91d71e343fb97f238b28f1 200
[debug] [2022-01-16T04:09:49.441Z] <<< [apiv2][body] POST https://upload-firebasehosting.googleapis.com/upload/sites/portfolio-b3ad1/versions/f90d6cd6b5f3b0fe/files/f00b2cf88ca83c669b1c20813ebd062fd97335e78d91d71e343fb97f238b28f1 [stream]
[debug] [2022-01-16T04:09:49.930Z] <<< [apiv2][status] POST https://upload-firebasehosting.googleapis.com/upload/sites/portfolio-b3ad1/versions/f90d6cd6b5f3b0fe/files/d0f073e15fd5609d2a1b2bf38fe42a6916d88adff3b781c30bf4646fbeb9cf92 200
[debug] [2022-01-16T04:09:49.930Z] <<< [apiv2][body] POST https://upload-firebasehosting.googleapis.com/upload/sites/portfolio-b3ad1/versions/f90d6cd6b5f3b0fe/files/d0f073e15fd5609d2a1b2bf38fe42a6916d88adff3b781c30bf4646fbeb9cf92 [stream]
[debug] [2022-01-16T04:09:49.931Z] [hosting][upload queue][FINAL] {"max":1675,"min":1058,"avg":1254.5,"active":0,"complete":4,"success":4,"errored":0,"retried":0,"total":4,"elapsed":1677}
[info] ✔  hosting[portfolio-b3ad1]: file upload complete 
[debug] [2022-01-16T04:09:49.934Z] [hosting] deploy completed after 2643ms
[debug] [2022-01-16T04:09:49.938Z] [
  {
    "config": {
      "public": "build",
      "ignore": [
        "firebase.json",
        "**/.*",
        "**/node_modules/**"
      ],
      "rewrites": [
        {
          "source": "**",
          "destination": "/index.html"
        }
      ],
      "site": "portfolio-b3ad1"
    },
    "site": "portfolio-b3ad1",
    "version": "sites/portfolio-b3ad1/versions/f90d6cd6b5f3b0fe"
  }
]
[info] i  hosting[portfolio-b3ad1]: finalizing version... 
[debug] [2022-01-16T04:09:49.939Z] > refreshing access token with scopes: ["email","https://www.googleapis.com/auth/cloud-platform","https://www.googleapis.com/auth/cloudplatformprojects.readonly","https://www.googleapis.com/auth/firebase","openid"]
[debug] [2022-01-16T04:09:49.939Z] >>> HTTP REQUEST POST https://www.googleapis.com/oauth2/v3/token  
 <request body omitted>
[debug] [2022-01-16T04:09:50.184Z] <<< HTTP RESPONSE 200 {"expires":"Mon, 01 Jan 1990 00:00:00 GMT","cache-control":"no-cache, no-store, max-age=0, must-revalidate","pragma":"no-cache","date":"Sun, 16 Jan 2022 04:09:50 GMT","content-type":"application/json; charset=utf-8","vary":"X-Origin, Referer, Origin,Accept-Encoding","server":"scaffolding on HTTPServer2","x-xss-protection":"0","x-frame-options":"SAMEORIGIN","x-content-type-options":"nosniff","alt-svc":"h3=\":443\"; ma=2592000,h3-29=\":443\"; ma=2592000,h3-Q050=\":443\"; ma=2592000,h3-Q046=\":443\"; ma=2592000,h3-Q043=\":443\"; ma=2592000,quic=\":443\"; ma=2592000; v=\"46,43\"","accept-ranges":"none","transfer-encoding":"chunked"}
[debug] [2022-01-16T04:09:50.231Z] >>> HTTP REQUEST PATCH https://firebasehosting.googleapis.com/v1beta1/sites/portfolio-b3ad1/versions/f90d6cd6b5f3b0fe?updateMask=status  
 {"status":"FINALIZED"}
[debug] [2022-01-16T04:10:00.725Z] <<< HTTP RESPONSE 503 {"vary":"X-Origin, Referer, Origin,Accept-Encoding","content-type":"application/json; charset=UTF-8","date":"Sun, 16 Jan 2022 04:10:00 GMT","server":"ESF","cache-control":"private","x-xss-protection":"0","x-frame-options":"SAMEORIGIN","x-content-type-options":"nosniff","alt-svc":"h3=\":443\"; ma=2592000,h3-29=\":443\"; ma=2592000,h3-Q050=\":443\"; ma=2592000,h3-Q046=\":443\"; ma=2592000,h3-Q043=\":443\"; ma=2592000,quic=\":443\"; ma=2592000; v=\"46,43\"","accept-ranges":"none","transfer-encoding":"chunked"}
[debug] [2022-01-16T04:10:00.726Z] <<< HTTP RESPONSE BODY {"error":{"code":503,"message":"The service is currently unavailable.","status":"UNAVAILABLE"}}
[error] 
[error] Error: HTTP Error: 503, The service is currently unavailable.
[debug] [2022-01-16T04:10:00.995Z] Error Context: {
  "body": {
    "error": {
      "code": 503,
      "message": "The service is currently unavailable.",
      "status": "UNAVAILABLE"
    }
  },
  "response": {
    "statusCode": 503,
    "body": {
      "error": {
        "code": 503,
        "message": "The service is currently unavailable.",
        "status": "UNAVAILABLE"
      }
    },
    "headers": {
      "vary": "X-Origin, Referer, Origin,Accept-Encoding",
      "content-type": "application/json; charset=UTF-8",
      "date": "Sun, 16 Jan 2022 04:10:00 GMT",
      "server": "ESF",
      "cache-control": "private",
      "x-xss-protection": "0",
      "x-frame-options": "SAMEORIGIN",
      "x-content-type-options": "nosniff",
      "alt-svc": "h3=\":443\"; ma=2592000,h3-29=\":443\"; ma=2592000,h3-Q050=\":443\"; ma=2592000,h3-Q046=\":443\"; ma=2592000,h3-Q043=\":443\"; ma=2592000,quic=\":443\"; ma=2592000; v=\"46,43\"",
      "accept-ranges": "none",
      "transfer-encoding": "chunked"
    },
    "request": {
      "uri": {
        "protocol": "https:",
        "slashes": true,
        "auth": null,
        "host": "firebasehosting.googleapis.com",
        "port": 443,
        "hostname": "firebasehosting.googleapis.com",
        "hash": null,
        "search": "?updateMask=status",
        "query": "updateMask=status",
        "pathname": "/v1beta1/sites/portfolio-b3ad1/versions/f90d6cd6b5f3b0fe",
        "path": "/v1beta1/sites/portfolio-b3ad1/versions/f90d6cd6b5f3b0fe?updateMask=status",
        "href": "https://firebasehosting.googleapis.com/v1beta1/sites/portfolio-b3ad1/versions/f90d6cd6b5f3b0fe?updateMask=status"
      },
      "method": "PATCH"
    }
  }
}
[debug] [2022-01-16T04:10:19.624Z] ----------------------------------------------------------------------
[debug] [2022-01-16T04:10:19.626Z] Command:       /usr/local/Cellar/node/13.8.0/bin/node /usr/local/bin/firebase deploy
[debug] [2022-01-16T04:10:19.626Z] CLI Version:   9.20.0
[debug] [2022-01-16T04:10:19.626Z] Platform:      darwin
[debug] [2022-01-16T04:10:19.626Z] Node Version:  v13.8.0
[debug] [2022-01-16T04:10:19.630Z] Time:          Sat Jan 15 2022 20:10:19 GMT-0800 (Pacific Standard Time)
[debug] [2022-01-16T04:10:19.630Z] ----------------------------------------------------------------------
[debug] 
[debug] [2022-01-16T04:10:19.680Z] > command requires scopes: ["email","openid","https://www.googleapis.com/auth/cloudplatformprojects.readonly","https://www.googleapis.com/auth/firebase","https://www.googleapis.com/auth/cloud-platform"]
[debug] [2022-01-16T04:10:19.681Z] > authorizing via signed-in user (tironamichael@gmail.com)
[debug] [2022-01-16T04:10:19.681Z] [iam] checking project portfolio-b3ad1 for permissions ["firebase.projects.get","firebasehosting.sites.update"]
[debug] [2022-01-16T04:10:19.684Z] >>> HTTP REQUEST POST https://cloudresourcemanager.googleapis.com/v1/projects/portfolio-b3ad1:testIamPermissions  
 {"permissions":["firebase.projects.get","firebasehosting.sites.update"]}
[debug] [2022-01-16T04:10:20.158Z] <<< HTTP RESPONSE 200 {"content-type":"application/json; charset=UTF-8","vary":"X-Origin, Referer, Origin,Accept-Encoding","date":"Sun, 16 Jan 2022 04:10:20 GMT","server":"ESF","cache-control":"private","x-xss-protection":"0","x-frame-options":"SAMEORIGIN","x-content-type-options":"nosniff","server-timing":"gfet4t7; dur=185","alt-svc":"h3=\":443\"; ma=2592000,h3-29=\":443\"; ma=2592000,h3-Q050=\":443\"; ma=2592000,h3-Q046=\":443\"; ma=2592000,h3-Q043=\":443\"; ma=2592000,quic=\":443\"; ma=2592000; v=\"46,43\"","accept-ranges":"none","transfer-encoding":"chunked"}
[debug] [2022-01-16T04:10:20.163Z] > refreshing access token with scopes: []
[debug] [2022-01-16T04:10:20.163Z] >>> HTTP REQUEST POST https://www.googleapis.com/oauth2/v3/token  
 <request body omitted>
[debug] [2022-01-16T04:10:20.331Z] <<< HTTP RESPONSE 200 {"expires":"Mon, 01 Jan 1990 00:00:00 GMT","date":"Sun, 16 Jan 2022 04:10:20 GMT","pragma":"no-cache","cache-control":"no-cache, no-store, max-age=0, must-revalidate","content-type":"application/json; charset=utf-8","vary":"X-Origin, Referer, Origin,Accept-Encoding","server":"scaffolding on HTTPServer2","x-xss-protection":"0","x-frame-options":"SAMEORIGIN","x-content-type-options":"nosniff","alt-svc":"h3=\":443\"; ma=2592000,h3-29=\":443\"; ma=2592000,h3-Q050=\":443\"; ma=2592000,h3-Q046=\":443\"; ma=2592000,h3-Q043=\":443\"; ma=2592000,quic=\":443\"; ma=2592000; v=\"46,43\"","accept-ranges":"none","transfer-encoding":"chunked"}
[debug] [2022-01-16T04:10:20.388Z] >>> [apiv2][query] GET https://firebase.googleapis.com/v1beta1/projects/portfolio-b3ad1 [none]
[debug] [2022-01-16T04:10:20.789Z] <<< [apiv2][status] GET https://firebase.googleapis.com/v1beta1/projects/portfolio-b3ad1 200
[debug] [2022-01-16T04:10:20.789Z] <<< [apiv2][body] GET https://firebase.googleapis.com/v1beta1/projects/portfolio-b3ad1 {"projectId":"portfolio-b3ad1","projectNumber":"980735599981","displayName":"Portfolio","name":"projects/portfolio-b3ad1","resources":{"hostingSite":"portfolio-b3ad1","realtimeDatabaseInstance":"portfolio-b3ad1"},"state":"ACTIVE"}
[info] 
[info] === Deploying to 'portfolio-b3ad1'...
[info] 
[info] i  deploying hosting 
[debug] [2022-01-16T04:10:20.795Z] > refreshing access token with scopes: ["email","https://www.googleapis.com/auth/cloud-platform","https://www.googleapis.com/auth/cloudplatformprojects.readonly","https://www.googleapis.com/auth/firebase","openid"]
[debug] [2022-01-16T04:10:20.795Z] >>> HTTP REQUEST POST https://www.googleapis.com/oauth2/v3/token  
 <request body omitted>
[debug] [2022-01-16T04:10:21.052Z] <<< HTTP RESPONSE 200 {"date":"Sun, 16 Jan 2022 04:10:21 GMT","cache-control":"no-cache, no-store, max-age=0, must-revalidate","expires":"Mon, 01 Jan 1990 00:00:00 GMT","pragma":"no-cache","content-type":"application/json; charset=utf-8","vary":"X-Origin, Referer, Origin,Accept-Encoding","server":"scaffolding on HTTPServer2","x-xss-protection":"0","x-frame-options":"SAMEORIGIN","x-content-type-options":"nosniff","alt-svc":"h3=\":443\"; ma=2592000,h3-29=\":443\"; ma=2592000,h3-Q050=\":443\"; ma=2592000,h3-Q046=\":443\"; ma=2592000,h3-Q043=\":443\"; ma=2592000,quic=\":443\"; ma=2592000; v=\"46,43\"","accept-ranges":"none","transfer-encoding":"chunked"}
[debug] [2022-01-16T04:10:21.116Z] >>> HTTP REQUEST POST https://firebasehosting.googleapis.com/v1beta1/sites/portfolio-b3ad1/versions  
 {"config":{"rewrites":[{"glob":"**","path":"/index.html"}]},"labels":{"deployment-tool":"cli-firebase"}}
[debug] [2022-01-16T04:10:31.496Z] <<< HTTP RESPONSE 503 {"vary":"X-Origin, Referer, Origin,Accept-Encoding","content-type":"application/json; charset=UTF-8","date":"Sun, 16 Jan 2022 04:10:31 GMT","server":"ESF","cache-control":"private","x-xss-protection":"0","x-frame-options":"SAMEORIGIN","x-content-type-options":"nosniff","alt-svc":"h3=\":443\"; ma=2592000,h3-29=\":443\"; ma=2592000,h3-Q050=\":443\"; ma=2592000,h3-Q046=\":443\"; ma=2592000,h3-Q043=\":443\"; ma=2592000,quic=\":443\"; ma=2592000; v=\"46,43\"","accept-ranges":"none","transfer-encoding":"chunked"}
[debug] [2022-01-16T04:10:31.497Z] <<< HTTP RESPONSE BODY {"error":{"code":503,"message":"The service is currently unavailable.","status":"UNAVAILABLE"}}
[error] 
[error] Error: HTTP Error: 503, The service is currently unavailable.
[debug] [2022-01-16T04:10:31.807Z] Error Context: {
  "body": {
    "error": {
      "code": 503,
      "message": "The service is currently unavailable.",
      "status": "UNAVAILABLE"
    }
  },
  "response": {
    "statusCode": 503,
    "body": {
      "error": {
        "code": 503,
        "message": "The service is currently unavailable.",
        "status": "UNAVAILABLE"
      }
    },
    "headers": {
      "vary": "X-Origin, Referer, Origin,Accept-Encoding",
      "content-type": "application/json; charset=UTF-8",
      "date": "Sun, 16 Jan 2022 04:10:31 GMT",
      "server": "ESF",
      "cache-control": "private",
      "x-xss-protection": "0",
      "x-frame-options": "SAMEORIGIN",
      "x-content-type-options": "nosniff",
      "alt-svc": "h3=\":443\"; ma=2592000,h3-29=\":443\"; ma=2592000,h3-Q050=\":443\"; ma=2592000,h3-Q046=\":443\"; ma=2592000,h3-Q043=\":443\"; ma=2592000,quic=\":443\"; ma=2592000; v=\"46,43\"",
      "accept-ranges": "none",
      "transfer-encoding": "chunked"
    },
    "request": {
      "uri": {
        "protocol": "https:",
        "slashes": true,
        "auth": null,
        "host": "firebasehosting.googleapis.com",
        "port": 443,
        "hostname": "firebasehosting.googleapis.com",
        "hash": null,
        "search": null,
        "query": null,
        "pathname": "/v1beta1/sites/portfolio-b3ad1/versions",
        "path": "/v1beta1/sites/portfolio-b3ad1/versions",
        "href": "https://firebasehosting.googleapis.com/v1beta1/sites/portfolio-b3ad1/versions"
      },
      "method": "POST"
    }
  }
}
